<?xml version="1.0" encoding="UTF-8"?>
<testng-results ignored="0" total="2" passed="2" failed="0" skipped="0">
  <reporter-output>
  </reporter-output>
  <suite started-at="2024-09-15T19:53:35 IST" name="Master Suite" finished-at="2024-09-15T19:54:18 IST" duration-ms="43493">
    <groups>
      <group name="Master">
        <method signature="TCC1Logintest.Login()[pri:0, instance:Testcases.TCC1Logintest@7756c3cd]" name="Login" class="Testcases.TCC1Logintest"/>
        <method signature="TCC2Landingtest.Landing()[pri:0, instance:Testcases.TCC2Landingtest@52045dbe]" name="Landing" class="Testcases.TCC2Landingtest"/>
      </group> <!-- Master -->
      <group name="Sanity">
        <method signature="TCC1Logintest.Login()[pri:0, instance:Testcases.TCC1Logintest@7756c3cd]" name="Login" class="Testcases.TCC1Logintest"/>
      </group> <!-- Sanity -->
      <group name="Regression">
        <method signature="TCC2Landingtest.Landing()[pri:0, instance:Testcases.TCC2Landingtest@52045dbe]" name="Landing" class="Testcases.TCC2Landingtest"/>
      </group> <!-- Regression -->
    </groups>
    <test started-at="2024-09-15T19:53:35 IST" name="Test" finished-at="2024-09-15T19:54:18 IST" duration-ms="43493">
      <class name="Testcases.TCC1Logintest">
        <test-method is-config="true" signature="setup(java.lang.String,java.lang.String)[pri:0, instance:Testcases.TCC1Logintest@7756c3cd]" started-at="2024-09-15T19:53:36 IST" name="setup" finished-at="2024-09-15T19:53:50 IST" duration-ms="13905" status="PASS">
          <params>
            <param index="0">
              <value>
                <![CDATA[Windows]]>
              </value>
            </param>
            <param index="1">
              <value>
                <![CDATA[chrome]]>
              </value>
            </param>
          </params>
          <reporter-output>
          </reporter-output>
        </test-method> <!-- setup -->
        <test-method signature="Login()[pri:0, instance:Testcases.TCC1Logintest@7756c3cd]" started-at="2024-09-15T19:53:50 IST" name="Login" finished-at="2024-09-15T19:53:56 IST" duration-ms="5420" status="PASS">
          <reporter-output>
          </reporter-output>
        </test-method> <!-- Login -->
        <test-method is-config="true" signature="tearDown()[pri:0, instance:Testcases.TCC1Logintest@7756c3cd]" started-at="2024-09-15T19:53:56 IST" name="tearDown" finished-at="2024-09-15T19:53:57 IST" duration-ms="1718" status="PASS">
          <reporter-output>
          </reporter-output>
        </test-method> <!-- tearDown -->
      </class> <!-- Testcases.TCC1Logintest -->
      <class name="Testcases.TCC2Landingtest">
        <test-method is-config="true" signature="setup(java.lang.String,java.lang.String)[pri:0, instance:Testcases.TCC2Landingtest@52045dbe]" started-at="2024-09-15T19:53:57 IST" name="setup" finished-at="2024-09-15T19:54:07 IST" duration-ms="9692" status="PASS">
          <params>
            <param index="0">
              <value>
                <![CDATA[Windows]]>
              </value>
            </param>
            <param index="1">
              <value>
                <![CDATA[chrome]]>
              </value>
            </param>
          </params>
          <reporter-output>
          </reporter-output>
        </test-method> <!-- setup -->
        <test-method signature="Landing()[pri:0, instance:Testcases.TCC2Landingtest@52045dbe]" started-at="2024-09-15T19:54:07 IST" name="Landing" finished-at="2024-09-15T19:54:16 IST" duration-ms="8991" status="PASS">
          <reporter-output>
          </reporter-output>
        </test-method> <!-- Landing -->
        <test-method is-config="true" signature="tearDown()[pri:0, instance:Testcases.TCC2Landingtest@52045dbe]" started-at="2024-09-15T19:54:16 IST" name="tearDown" finished-at="2024-09-15T19:54:18 IST" duration-ms="2499" status="PASS">
          <reporter-output>
          </reporter-output>
        </test-method> <!-- tearDown -->
      </class> <!-- Testcases.TCC2Landingtest -->
    </test> <!-- Test -->
  </suite> <!-- Master Suite -->
</testng-results>
