<?xml version="1.0" encoding="UTF-8"?>
<testng-results ignored="0" total="1" passed="1" failed="0" skipped="0">
  <reporter-output>
  </reporter-output>
  <suite started-at="2024-09-15T19:49:40 IST" name="Master Suite" finished-at="2024-09-15T19:50:06 IST" duration-ms="26350">
    <groups>
      <group name="Master">
        <method signature="TCC2Landingtest.Landing()[pri:0, instance:Testcases.TCC2Landingtest@fd8294b]" name="Landing" class="Testcases.TCC2Landingtest"/>
      </group> <!-- Master -->
      <group name="Regression">
        <method signature="TCC2Landingtest.Landing()[pri:0, instance:Testcases.TCC2Landingtest@fd8294b]" name="Landing" class="Testcases.TCC2Landingtest"/>
      </group> <!-- Regression -->
    </groups>
    <test started-at="2024-09-15T19:49:40 IST" name="Test" finished-at="2024-09-15T19:50:06 IST" duration-ms="26350">
      <class name="Testcases.TCC2Landingtest">
        <test-method is-config="true" signature="setup(java.lang.String,java.lang.String)[pri:0, instance:Testcases.TCC2Landingtest@fd8294b]" started-at="2024-09-15T19:49:41 IST" name="setup" finished-at="2024-09-15T19:49:52 IST" duration-ms="11780" status="PASS">
          <params>
            <param index="0">
              <value>
                <![CDATA[Windows]]>
              </value>
            </param>
            <param index="1">
              <value>
                <![CDATA[chrome]]>
              </value>
            </param>
          </params>
          <reporter-output>
          </reporter-output>
        </test-method> <!-- setup -->
        <test-method signature="Landing()[pri:0, instance:Testcases.TCC2Landingtest@fd8294b]" started-at="2024-09-15T19:49:52 IST" name="Landing" finished-at="2024-09-15T19:50:03 IST" duration-ms="10753" status="PASS">
          <reporter-output>
          </reporter-output>
        </test-method> <!-- Landing -->
        <test-method is-config="true" signature="tearDown()[pri:0, instance:Testcases.TCC2Landingtest@fd8294b]" started-at="2024-09-15T19:50:03 IST" name="tearDown" finished-at="2024-09-15T19:50:06 IST" duration-ms="2813" status="PASS">
          <reporter-output>
          </reporter-output>
        </test-method> <!-- tearDown -->
      </class> <!-- Testcases.TCC2Landingtest -->
    </test> <!-- Test -->
  </suite> <!-- Master Suite -->
</testng-results>
